<?xml version="1.0" encoding="UTF-8"?>
<!-- Generated by org.testng.reporters.JUnitReportReporter -->
<testsuite hostname="Sonalis_AsusVB" failures="0" tests="2" name="TestRunner.RunnerTest" time="21.796" errors="0" timestamp="15 Jan 2024 19:13:40 GMT" skipped="0">
  <testcase classname="TestRunner.RunnerTest" name="runScenario" time="9.178"/>
  <testcase classname="TestRunner.RunnerTest" name="runScenario" time="12.618"/>
</testsuite> <!-- TestRunner.RunnerTest -->
