<?xml version="1.0" encoding="UTF-8"?>
<!-- Generated by org.testng.reporters.JUnitReportReporter -->
<testsuite hostname="Sonalis_AsusVB" failures="0" tests="4" name="TestRunner.RunnerTest" time="38.543" errors="0" timestamp="15 Jan 2024 20:15:21 GMT" skipped="0">
  <testcase classname="TestRunner.RunnerTest" name="runScenario" time="3.118"/>
  <testcase classname="TestRunner.RunnerTest" name="runScenario" time="8.711"/>
  <testcase classname="TestRunner.RunnerTest" name="runScenario" time="12.297"/>
  <testcase classname="TestRunner.RunnerTest" name="runScenario" time="14.417"/>
</testsuite> <!-- TestRunner.RunnerTest -->
