<?xml version="1.0" encoding="UTF-8"?>
<!-- Generated by org.testng.reporters.JUnitReportReporter -->
<testsuite hostname="Sonalis_AsusVB" failures="0" tests="5" name="TestRunner.RunnerTest" time="41.283" errors="0" timestamp="15 Jan 2024 20:30:08 GMT" skipped="0">
  <testcase classname="TestRunner.RunnerTest" name="runScenario" time="8.323"/>
  <testcase classname="TestRunner.RunnerTest" name="runScenario" time="14.429"/>
  <testcase classname="TestRunner.RunnerTest" name="runScenario" time="3.102"/>
  <testcase classname="TestRunner.RunnerTest" name="runScenario" time="12.316"/>
  <testcase classname="TestRunner.RunnerTest" name="runScenario" time="3.113"/>
</testsuite> <!-- TestRunner.RunnerTest -->
