<?xml version="1.0" encoding="UTF-8"?>
<!-- Generated by org.testng.reporters.JUnitReportReporter -->
<testsuite hostname="Sonalis_AsusVB" failures="0" tests="6" name="TestRunner.RunnerTest" time="45.359" errors="0" timestamp="15 Jan 2024 20:59:37 GMT" skipped="0">
  <testcase classname="TestRunner.RunnerTest" name="runScenario" time="14.451"/>
  <testcase classname="TestRunner.RunnerTest" name="runScenario" time="3.127"/>
  <testcase classname="TestRunner.RunnerTest" name="runScenario" time="12.332"/>
  <testcase classname="TestRunner.RunnerTest" name="runScenario" time="9.309"/>
  <testcase classname="TestRunner.RunnerTest" name="runScenario" time="3.098"/>
  <testcase classname="TestRunner.RunnerTest" name="runScenario" time="3.042"/>
</testsuite> <!-- TestRunner.RunnerTest -->
